[0.626s] DEBUG:colcon:Command line arguments: ['/usr/bin/colcon', 'build', '--symlink-install']
[0.626s] DEBUG:colcon:Parsed command line arguments: Namespace(allow_overriding=[], ament_cmake_args=None, base_paths=['.'], build_base='build', catkin_cmake_args=None, catkin_skip_building_tests=False, cmake_args=None, cmake_clean_cache=False, cmake_clean_first=False, cmake_force_configure=False, cmake_target=None, cmake_target_skip_unavailable=False, continue_on_error=False, event_handlers=None, executor='parallel', ignore_user_meta=False, install_base='install', log_base=None, log_level=None, main=<bound method BuildVerb.main of <colcon_core.verb.build.BuildVerb object at 0x7fd1c3fc7f70>>, merge_install=False, metas=['./colcon.meta'], packages_above=None, packages_above_and_dependencies=None, packages_above_depth=None, packages_end=None, packages_ignore=None, packages_ignore_regex=None, packages_select=None, packages_select_build_failed=False, packages_select_by_dep=None, packages_select_regex=None, packages_select_test_failures=False, packages_skip=None, packages_skip_build_finished=False, packages_skip_by_dep=None, packages_skip_regex=None, packages_skip_test_passed=False, packages_skip_up_to=None, packages_start=None, packages_up_to=None, packages_up_to_regex=None, parallel_workers=12, paths=None, symlink_install=True, test_result_base=None, verb_extension=<colcon_core.verb.build.BuildVerb object at 0x7fd1c3fc7f70>, verb_name='build', verb_parser=<colcon_defaults.argument_parser.defaults.DefaultArgumentsDecorator object at 0x7fd1c3fd1400>)
[1.001s] Level 1:colcon.colcon_core.package_discovery:discover_packages(colcon_meta) check parameters
[1.001s] Level 1:colcon.colcon_core.package_discovery:discover_packages(recursive) check parameters
[1.002s] Level 1:colcon.colcon_core.package_discovery:discover_packages(ignore) check parameters
[1.002s] Level 1:colcon.colcon_core.package_discovery:discover_packages(path) check parameters
[1.002s] Level 1:colcon.colcon_core.package_discovery:discover_packages(colcon_meta) discover
[1.002s] Level 1:colcon.colcon_core.package_discovery:discover_packages(recursive) discover
[1.002s] INFO:colcon.colcon_core.package_discovery:Crawling recursively for packages in '/home/taisei/ros2_ws/src/mypkg'
[1.002s] Level 1:colcon.colcon_core.package_identification:_identify(.) by extensions ['ignore', 'ignore_ament_install']
[1.002s] Level 1:colcon.colcon_core.package_identification:_identify(.) by extension 'ignore'
[1.002s] Level 1:colcon.colcon_core.package_identification:_identify(.) by extension 'ignore_ament_install'
[1.003s] Level 1:colcon.colcon_core.package_identification:_identify(.) by extensions ['colcon_pkg']
[1.003s] Level 1:colcon.colcon_core.package_identification:_identify(.) by extension 'colcon_pkg'
[1.003s] Level 1:colcon.colcon_core.package_identification:_identify(.) by extensions ['colcon_meta']
[1.003s] Level 1:colcon.colcon_core.package_identification:_identify(.) by extension 'colcon_meta'
[1.003s] Level 1:colcon.colcon_core.package_identification:_identify(.) by extensions ['ros']
[1.003s] Level 1:colcon.colcon_core.package_identification:_identify(.) by extension 'ros'
[1.041s] DEBUG:colcon.colcon_core.package_identification:Failed to parse potential ROS package manifest in'.': Error(s) in package './package.xml':
The manifest contains invalid XML:
mismatched tag: line 8, column 25
[1.042s] Level 1:colcon.colcon_core.package_identification:_identify(.) by extensions ['cmake', 'python']
[1.042s] Level 1:colcon.colcon_core.package_identification:_identify(.) by extension 'cmake'
[1.042s] Level 1:colcon.colcon_core.package_identification:_identify(.) by extension 'python'
[1.042s] DEBUG:colcon.colcon_core.package_identification:Python package in '.' passes arguments to the setup() function which requires a different identification extension than 'python'
[1.042s] Level 1:colcon.colcon_core.package_identification:_identify(.) by extensions ['python_setup_py']
[1.042s] Level 1:colcon.colcon_core.package_identification:_identify(.) by extension 'python_setup_py'
[1.335s] DEBUG:colcon.colcon_core.package_identification:Package '.' with type 'python' and name 'mypkg'
[1.335s] Level 1:colcon.colcon_core.package_discovery:discover_packages(recursive) using defaults
[1.335s] Level 1:colcon.colcon_core.package_discovery:discover_packages(ignore) discover
[1.335s] Level 1:colcon.colcon_core.package_discovery:discover_packages(ignore) using defaults
[1.336s] Level 1:colcon.colcon_core.package_discovery:discover_packages(path) discover
[1.336s] Level 1:colcon.colcon_core.package_discovery:discover_packages(path) using defaults
[1.385s] Level 1:colcon.colcon_core.package_discovery:discover_packages(prefix_path) check parameters
[1.385s] Level 1:colcon.colcon_core.package_discovery:discover_packages(prefix_path) discover
[1.396s] DEBUG:colcon.colcon_installed_package_information.package_discovery:Found 1 installed packages in /home/taisei/ros2_ws/install
[1.399s] DEBUG:colcon.colcon_installed_package_information.package_discovery:Found 256 installed packages in /opt/ros/foxy
[1.402s] Level 1:colcon.colcon_core.package_discovery:discover_packages(prefix_path) using defaults
[1.637s] Level 5:colcon.colcon_core.verb:set package 'mypkg' build argument 'cmake_args' from command line to 'None'
[1.637s] Level 5:colcon.colcon_core.verb:set package 'mypkg' build argument 'cmake_target' from command line to 'None'
[1.637s] Level 5:colcon.colcon_core.verb:set package 'mypkg' build argument 'cmake_target_skip_unavailable' from command line to 'False'
[1.637s] Level 5:colcon.colcon_core.verb:set package 'mypkg' build argument 'cmake_clean_cache' from command line to 'False'
[1.637s] Level 5:colcon.colcon_core.verb:set package 'mypkg' build argument 'cmake_clean_first' from command line to 'False'
[1.637s] Level 5:colcon.colcon_core.verb:set package 'mypkg' build argument 'cmake_force_configure' from command line to 'False'
[1.637s] Level 5:colcon.colcon_core.verb:set package 'mypkg' build argument 'ament_cmake_args' from command line to 'None'
[1.637s] Level 5:colcon.colcon_core.verb:set package 'mypkg' build argument 'catkin_cmake_args' from command line to 'None'
[1.637s] Level 5:colcon.colcon_core.verb:set package 'mypkg' build argument 'catkin_skip_building_tests' from command line to 'False'
[1.637s] DEBUG:colcon.colcon_core.verb:Building package 'mypkg' with the following arguments: {'ament_cmake_args': None, 'build_base': '/home/taisei/ros2_ws/src/mypkg/build/mypkg', 'catkin_cmake_args': None, 'catkin_skip_building_tests': False, 'cmake_args': None, 'cmake_clean_cache': False, 'cmake_clean_first': False, 'cmake_force_configure': False, 'cmake_target': None, 'cmake_target_skip_unavailable': False, 'install_base': '/home/taisei/ros2_ws/src/mypkg/install/mypkg', 'merge_install': False, 'path': '/home/taisei/ros2_ws/src/mypkg', 'symlink_install': True, 'test_result_base': None}
[1.637s] INFO:colcon.colcon_core.executor:Executing jobs using 'parallel' executor
[1.640s] DEBUG:colcon.colcon_parallel_executor.executor.parallel:run_until_complete
[1.641s] INFO:colcon.colcon_core.task.python.build:Building Python package in '/home/taisei/ros2_ws/src/mypkg'
[1.651s] INFO:colcon.colcon_core.plugin_system:Skipping extension 'colcon_core.shell.bat': Not used on non-Windows systems
[1.651s] INFO:colcon.colcon_core.shell:Skip shell extension 'powershell' for command environment: Not usable outside of PowerShell
[1.651s] DEBUG:colcon.colcon_core.shell:Skip shell extension 'dsv' for command environment
[2.672s] DEBUG:colcon.colcon_core.event_handler.log_command:Invoking command in '/home/taisei/ros2_ws/src/mypkg/build/mypkg': PYTHONPATH=/home/taisei/ros2_ws/src/mypkg/build/mypkg/prefix_override:/usr/lib/python3/dist-packages/colcon_core/task/python/colcon_distutils_commands:/home/taisei/ros2_ws/src/mypkg/install/mypkg/lib/python3.8/site-packages:${PYTHONPATH} /usr/bin/python3 -W ignore:setup.py install is deprecated -W ignore:easy_install command is deprecated setup.py develop --editable --build-directory /home/taisei/ros2_ws/src/mypkg/build/mypkg/build --no-deps symlink_data
[3.254s] Level 1:colcon.colcon_core.shell:create_environment_hook('mypkg', 'pythonpath_develop')
[3.255s] DEBUG:colcon.colcon_core.event_handler.log_command:Invoked command in '/home/taisei/ros2_ws/src/mypkg/build/mypkg' returned '0': PYTHONPATH=/home/taisei/ros2_ws/src/mypkg/build/mypkg/prefix_override:/usr/lib/python3/dist-packages/colcon_core/task/python/colcon_distutils_commands:/home/taisei/ros2_ws/src/mypkg/install/mypkg/lib/python3.8/site-packages:${PYTHONPATH} /usr/bin/python3 -W ignore:setup.py install is deprecated -W ignore:easy_install command is deprecated setup.py develop --editable --build-directory /home/taisei/ros2_ws/src/mypkg/build/mypkg/build --no-deps symlink_data
[3.256s] INFO:colcon.colcon_core.shell:Creating environment hook '/home/taisei/ros2_ws/src/mypkg/build/mypkg/share/mypkg/hook/pythonpath_develop.ps1'
[3.259s] INFO:colcon.colcon_core.shell:Creating environment descriptor '/home/taisei/ros2_ws/src/mypkg/build/mypkg/share/mypkg/hook/pythonpath_develop.dsv'
[3.261s] INFO:colcon.colcon_core.shell:Creating environment hook '/home/taisei/ros2_ws/src/mypkg/build/mypkg/share/mypkg/hook/pythonpath_develop.sh'
[3.277s] Level 1:colcon.colcon_core.environment:checking '/home/taisei/ros2_ws/src/mypkg/install/mypkg' for CMake module files
[3.278s] Level 1:colcon.colcon_core.environment:checking '/home/taisei/ros2_ws/src/mypkg/install/mypkg' for CMake config files
[3.279s] Level 1:colcon.colcon_core.environment:checking '/home/taisei/ros2_ws/src/mypkg/install/mypkg/lib'
[3.280s] Level 1:colcon.colcon_core.environment:checking '/home/taisei/ros2_ws/src/mypkg/install/mypkg/bin'
[3.280s] Level 1:colcon.colcon_core.environment:checking '/home/taisei/ros2_ws/src/mypkg/install/mypkg/lib/pkgconfig/mypkg.pc'
[3.280s] Level 1:colcon.colcon_core.environment:checking '/home/taisei/ros2_ws/src/mypkg/install/mypkg/lib/python3.8/site-packages'
[3.280s] Level 1:colcon.colcon_core.shell:create_environment_hook('mypkg', 'pythonpath')
[3.280s] INFO:colcon.colcon_core.shell:Creating environment hook '/home/taisei/ros2_ws/src/mypkg/install/mypkg/share/mypkg/hook/pythonpath.ps1'
[3.282s] INFO:colcon.colcon_core.shell:Creating environment descriptor '/home/taisei/ros2_ws/src/mypkg/install/mypkg/share/mypkg/hook/pythonpath.dsv'
[3.283s] INFO:colcon.colcon_core.shell:Creating environment hook '/home/taisei/ros2_ws/src/mypkg/install/mypkg/share/mypkg/hook/pythonpath.sh'
[3.284s] Level 1:colcon.colcon_core.environment:checking '/home/taisei/ros2_ws/src/mypkg/install/mypkg/bin'
[3.284s] Level 1:colcon.colcon_core.environment:create_environment_scripts_only(mypkg)
[3.285s] INFO:colcon.colcon_core.shell:Creating package script '/home/taisei/ros2_ws/src/mypkg/install/mypkg/share/mypkg/package.ps1'
[3.286s] INFO:colcon.colcon_core.shell:Creating package descriptor '/home/taisei/ros2_ws/src/mypkg/install/mypkg/share/mypkg/package.dsv'
[3.288s] INFO:colcon.colcon_core.shell:Creating package script '/home/taisei/ros2_ws/src/mypkg/install/mypkg/share/mypkg/package.sh'
[3.289s] INFO:colcon.colcon_core.shell:Creating package script '/home/taisei/ros2_ws/src/mypkg/install/mypkg/share/mypkg/package.bash'
[3.291s] INFO:colcon.colcon_core.shell:Creating package script '/home/taisei/ros2_ws/src/mypkg/install/mypkg/share/mypkg/package.zsh'
[3.292s] Level 1:colcon.colcon_core.environment:create_file_with_runtime_dependencies(/home/taisei/ros2_ws/src/mypkg/install/mypkg/share/colcon-core/packages/mypkg)
[3.294s] DEBUG:colcon.colcon_parallel_executor.executor.parallel:closing loop
[3.295s] DEBUG:colcon.colcon_parallel_executor.executor.parallel:loop closed
[3.295s] DEBUG:colcon.colcon_parallel_executor.executor.parallel:run_until_complete finished with '0'
[3.295s] DEBUG:colcon.colcon_core.event_reactor:joining thread
[3.356s] INFO:colcon.colcon_core.plugin_system:Skipping extension 'colcon_notification.desktop_notification.notify_send': Could not find 'notify-send'
[3.356s] INFO:colcon.colcon_core.plugin_system:Skipping extension 'colcon_notification.desktop_notification.terminal_notifier': Not used on non-Darwin systems
[3.357s] INFO:colcon.colcon_core.plugin_system:Skipping extension 'colcon_notification.desktop_notification.win32': Not used on non-Windows systems
[3.357s] INFO:colcon.colcon_notification.desktop_notification:Sending desktop notification using 'notify2'
[3.374s] DEBUG:colcon.colcon_notification.desktop_notification.notify2:Failed to initialize notify2: org.freedesktop.DBus.Error.ServiceUnknown: The name org.freedesktop.Notifications was not provided by any .service files
[3.375s] DEBUG:colcon.colcon_core.event_reactor:joined thread
[3.376s] INFO:colcon.colcon_core.shell:Creating prefix script '/home/taisei/ros2_ws/src/mypkg/install/local_setup.ps1'
[3.378s] INFO:colcon.colcon_core.shell:Creating prefix util module '/home/taisei/ros2_ws/src/mypkg/install/_local_setup_util_ps1.py'
[3.381s] INFO:colcon.colcon_core.shell:Creating prefix chain script '/home/taisei/ros2_ws/src/mypkg/install/setup.ps1'
[3.383s] INFO:colcon.colcon_core.shell:Creating prefix script '/home/taisei/ros2_ws/src/mypkg/install/local_setup.sh'
[3.385s] INFO:colcon.colcon_core.shell:Creating prefix util module '/home/taisei/ros2_ws/src/mypkg/install/_local_setup_util_sh.py'
[3.385s] INFO:colcon.colcon_core.shell:Creating prefix chain script '/home/taisei/ros2_ws/src/mypkg/install/setup.sh'
[3.388s] INFO:colcon.colcon_core.shell:Creating prefix script '/home/taisei/ros2_ws/src/mypkg/install/local_setup.bash'
[3.389s] INFO:colcon.colcon_core.shell:Creating prefix chain script '/home/taisei/ros2_ws/src/mypkg/install/setup.bash'
[3.390s] INFO:colcon.colcon_core.shell:Creating prefix script '/home/taisei/ros2_ws/src/mypkg/install/local_setup.zsh'
[3.392s] INFO:colcon.colcon_core.shell:Creating prefix chain script '/home/taisei/ros2_ws/src/mypkg/install/setup.zsh'
